<?xml version="1.0" encoding="UTF-8"?>
<testng-results ignored="0" total="5" passed="4" failed="1" skipped="0">
  <reporter-output>
  </reporter-output>
  <suite started-at="2025-03-21T13:59:52 IST" name="Cross Browser Test Suite" finished-at="2025-03-21T14:00:32 IST" duration-ms="40214">
    <groups>
    </groups>
    <test started-at="2025-03-21T13:59:52 IST" name="E-commerce Functional Tests" finished-at="2025-03-21T14:00:32 IST" duration-ms="40214">
      <class name="tests.MainRunnerTest">
        <test-method is-config="true" signature="setup(java.lang.String)[pri:0, instance:tests.MainRunnerTest@19932c16]" started-at="2025-03-21T13:59:52 IST" name="setup" finished-at="2025-03-21T13:59:54 IST" duration-ms="1525" status="PASS">
          <params>
            <param index="0">
              <value>
                <![CDATA[${browser}]]>
              </value>
            </param>
          </params>
          <reporter-output>
          </reporter-output>
        </test-method> <!-- setup -->
        <test-method signature="userRegistrationTest()[pri:1, instance:tests.MainRunnerTest@19932c16]" started-at="2025-03-21T13:59:54 IST" name="userRegistrationTest" description="user registration test" finished-at="2025-03-21T13:59:57 IST" duration-ms="2752" status="FAIL">
          <exception class="java.lang.AssertionError">
            <message>
              <![CDATA[Wrong popup text expected [1Sign up successful.] but found [Sign up successful.]]]>
            </message>
            <full-stacktrace>
              <![CDATA[java.lang.AssertionError: Wrong popup text expected [1Sign up successful.] but found [Sign up successful.]
at org.testng.Assert.fail(Assert.java:111)
at org.testng.Assert.failNotEquals(Assert.java:1590)
at org.testng.Assert.assertEqualsImpl(Assert.java:150)
at org.testng.Assert.assertEquals(Assert.java:132)
at org.testng.Assert.assertEquals(Assert.java:656)
at tests.MainRunnerTest.userRegistrationTest(MainRunnerTest.java:31)
at java.base/jdk.internal.reflect.DirectMethodHandleAccessor.invoke(DirectMethodHandleAccessor.java:104)
at java.base/java.lang.reflect.Method.invoke(Method.java:578)
at org.testng.internal.invokers.MethodInvocationHelper.invokeMethod(MethodInvocationHelper.java:141)
at org.testng.internal.invokers.TestInvoker.invokeMethod(TestInvoker.java:687)
at org.testng.internal.invokers.TestInvoker.invokeTestMethod(TestInvoker.java:230)
at org.testng.internal.invokers.MethodRunner.runInSequence(MethodRunner.java:63)
at org.testng.internal.invokers.TestInvoker$MethodInvocationAgent.invoke(TestInvoker.java:995)
at org.testng.internal.invokers.TestInvoker.invokeTestMethods(TestInvoker.java:203)
at org.testng.internal.invokers.TestMethodWorker.invokeTestMethods(TestMethodWorker.java:154)
at org.testng.internal.invokers.TestMethodWorker.run(TestMethodWorker.java:134)
at java.base/java.util.ArrayList.forEach(ArrayList.java:1511)
at org.testng.TestRunner.privateRun(TestRunner.java:741)
at org.testng.TestRunner.run(TestRunner.java:616)
at org.testng.SuiteRunner.runTest(SuiteRunner.java:421)
at org.testng.SuiteRunner$SuiteWorker.run(SuiteRunner.java:463)
at org.testng.internal.thread.ThreadUtil.lambda$execute$0(ThreadUtil.java:64)
at java.base/java.util.concurrent.FutureTask.run(FutureTask.java:317)
at java.base/java.util.concurrent.ThreadPoolExecutor.runWorker(ThreadPoolExecutor.java:1144)
at java.base/java.util.concurrent.ThreadPoolExecutor$Worker.run(ThreadPoolExecutor.java:642)
at java.base/java.lang.Thread.run(Thread.java:1623)
]]>
            </full-stacktrace>
          </exception> <!-- java.lang.AssertionError -->
          <reporter-output>
          </reporter-output>
        </test-method> <!-- userRegistrationTest -->
        <test-method is-config="true" signature="close()[pri:0, instance:tests.MainRunnerTest@19932c16]" started-at="2025-03-21T13:59:57 IST" name="close" finished-at="2025-03-21T13:59:57 IST" duration-ms="223" status="PASS">
          <reporter-output>
          </reporter-output>
        </test-method> <!-- close -->
        <test-method is-config="true" signature="setup(java.lang.String)[pri:0, instance:tests.MainRunnerTest@19932c16]" started-at="2025-03-21T13:59:57 IST" name="setup" finished-at="2025-03-21T13:59:58 IST" duration-ms="1051" status="PASS">
          <params>
            <param index="0">
              <value>
                <![CDATA[${browser}]]>
              </value>
            </param>
          </params>
          <reporter-output>
          </reporter-output>
        </test-method> <!-- setup -->
        <test-method signature="loginTest()[pri:2, instance:tests.MainRunnerTest@19932c16]" started-at="2025-03-21T13:59:58 IST" name="loginTest" description="login test" finished-at="2025-03-21T14:00:01 IST" duration-ms="3185" status="PASS">
          <reporter-output>
          </reporter-output>
        </test-method> <!-- loginTest -->
        <test-method is-config="true" signature="close()[pri:0, instance:tests.MainRunnerTest@19932c16]" started-at="2025-03-21T14:00:01 IST" name="close" finished-at="2025-03-21T14:00:01 IST" duration-ms="159" status="PASS">
          <reporter-output>
          </reporter-output>
        </test-method> <!-- close -->
        <test-method is-config="true" signature="setup(java.lang.String)[pri:0, instance:tests.MainRunnerTest@19932c16]" started-at="2025-03-21T14:00:01 IST" name="setup" finished-at="2025-03-21T14:00:03 IST" duration-ms="1183" status="PASS">
          <params>
            <param index="0">
              <value>
                <![CDATA[${browser}]]>
              </value>
            </param>
          </params>
          <reporter-output>
          </reporter-output>
        </test-method> <!-- setup -->
        <test-method signature="addProductToCartTest()[pri:3, instance:tests.MainRunnerTest@19932c16]" started-at="2025-03-21T14:00:03 IST" name="addProductToCartTest" description="add specific product to cart test" finished-at="2025-03-21T14:00:13 IST" duration-ms="10572" status="PASS">
          <reporter-output>
          </reporter-output>
        </test-method> <!-- addProductToCartTest -->
        <test-method is-config="true" signature="close()[pri:0, instance:tests.MainRunnerTest@19932c16]" started-at="2025-03-21T14:00:13 IST" name="close" finished-at="2025-03-21T14:00:15 IST" duration-ms="1931" status="PASS">
          <reporter-output>
          </reporter-output>
        </test-method> <!-- close -->
        <test-method is-config="true" signature="setup(java.lang.String)[pri:0, instance:tests.MainRunnerTest@19932c16]" started-at="2025-03-21T14:00:15 IST" name="setup" finished-at="2025-03-21T14:00:16 IST" duration-ms="1141" status="PASS">
          <params>
            <param index="0">
              <value>
                <![CDATA[${browser}]]>
              </value>
            </param>
          </params>
          <reporter-output>
          </reporter-output>
        </test-method> <!-- setup -->
        <test-method signature="purchaseRandomizedProductTest()[pri:4, instance:tests.MainRunnerTest@19932c16]" started-at="2025-03-21T14:00:16 IST" name="purchaseRandomizedProductTest" description="purchase randomized product test" finished-at="2025-03-21T14:00:27 IST" duration-ms="11075" status="PASS">
          <reporter-output>
          </reporter-output>
        </test-method> <!-- purchaseRandomizedProductTest -->
        <test-method is-config="true" signature="close()[pri:0, instance:tests.MainRunnerTest@19932c16]" started-at="2025-03-21T14:00:27 IST" name="close" finished-at="2025-03-21T14:00:28 IST" duration-ms="239" status="PASS">
          <reporter-output>
          </reporter-output>
        </test-method> <!-- close -->
        <test-method is-config="true" signature="setup(java.lang.String)[pri:0, instance:tests.MainRunnerTest@19932c16]" started-at="2025-03-21T14:00:28 IST" name="setup" finished-at="2025-03-21T14:00:29 IST" duration-ms="1104" status="PASS">
          <params>
            <param index="0">
              <value>
                <![CDATA[${browser}]]>
              </value>
            </param>
          </params>
          <reporter-output>
          </reporter-output>
        </test-method> <!-- setup -->
        <test-method signature="logoutTest()[pri:5, instance:tests.MainRunnerTest@19932c16]" started-at="2025-03-21T14:00:29 IST" name="logoutTest" description="Logout test" finished-at="2025-03-21T14:00:32 IST" duration-ms="3585" status="PASS">
          <reporter-output>
          </reporter-output>
        </test-method> <!-- logoutTest -->
        <test-method is-config="true" signature="close()[pri:0, instance:tests.MainRunnerTest@19932c16]" started-at="2025-03-21T14:00:32 IST" name="close" finished-at="2025-03-21T14:00:32 IST" duration-ms="151" status="PASS">
          <reporter-output>
          </reporter-output>
        </test-method> <!-- close -->
      </class> <!-- tests.MainRunnerTest -->
    </test> <!-- E-commerce Functional Tests -->
  </suite> <!-- Cross Browser Test Suite -->
</testng-results>
