<?xml version="1.0" encoding="UTF-8"?>
<!-- Generated by org.testng.reporters.JUnitXMLReporter -->
<testsuite ignored="0" hostname="Shlomi-Laptop" failures="1" tests="5" name="E-commerce Functional Tests" time="40.214" errors="0" timestamp="2025-03-21T14:00:32 IST">
  <testcase classname="tests.MainRunnerTest" name="userRegistrationTest" time="2.752">
    <failure type="java.lang.AssertionError" message="Wrong popup text expected [1Sign up successful.] but found [Sign up successful.]">
      <![CDATA[java.lang.AssertionError: Wrong popup text expected [1Sign up successful.] but found [Sign up successful.]
at tests.MainRunnerTest.userRegistrationTest(MainRunnerTest.java:31)
at java.base/java.util.ArrayList.forEach(ArrayList.java:1511)
at java.base/java.util.concurrent.FutureTask.run(FutureTask.java:317)
at java.base/java.util.concurrent.ThreadPoolExecutor.runWorker(ThreadPoolExecutor.java:1144)
at java.base/java.util.concurrent.ThreadPoolExecutor$Worker.run(ThreadPoolExecutor.java:642)
at java.base/java.lang.Thread.run(Thread.java:1623)
... Removed 20 stack frames]]>
    </failure>
  </testcase> <!-- userRegistrationTest -->
  <testcase classname="tests.MainRunnerTest" name="loginTest" time="3.185"/>
  <testcase classname="tests.MainRunnerTest" name="addProductToCartTest" time="10.572"/>
  <testcase classname="tests.MainRunnerTest" name="purchaseRandomizedProductTest" time="11.075"/>
  <testcase classname="tests.MainRunnerTest" name="logoutTest" time="3.585"/>
</testsuite> <!-- E-commerce Functional Tests -->
